<testsuites id="" name="" tests="1" failures="1" skipped="0" errors="0" time="10.505882">
<testsuite name="widget-file-upload.spec.ts" timestamp="2025-09-19T18:33:00.460Z" hostname="chromium" tests="1" failures="1" skipped="0" time="7.826" errors="0">
<testcase name="Widget File Upload Integration › should upload real image file using minified widget" classname="widget-file-upload.spec.ts" time="7.826">
<failure message="widget-file-upload.spec.ts:25:7 should upload real image file using minified widget" type="FAILURE">
<![CDATA[  [chromium] › widget-file-upload.spec.ts:25:7 › Widget File Upload Integration › should upload real image file using minified widget 

    Error: expect(locator).toBeVisible() failed

    Locator:  locator('.feedloop-trigger-btn')
    Expected: visible
    Received: <element(s) not found>
    Timeout:  5000ms

    Call log:
      - Expect "toBeVisible" with timeout 5000ms
      - waiting for locator('.feedloop-trigger-btn')


      60 |     // Verify widget trigger is visible
      61 |     const trigger = page.locator('.feedloop-trigger-btn')
    > 62 |     await expect(trigger).toBeVisible()
         |                           ^
      63 |
      64 |     // Click widget trigger to open
      65 |     await trigger.click()
        at /Volumes/My Drive/dev/FeeDLooP_v1/tests/e2e/widget-file-upload.spec.ts:62:27

    attachment #1: screenshot (image/png) ──────────────────────────────────────────────────────────
    ../../test-results/widget-file-upload-Widget--ba5a5--file-using-minified-widget-chromium/test-failed-1.png
    ────────────────────────────────────────────────────────────────────────────────────────────────

    attachment #2: video (video/webm) ──────────────────────────────────────────────────────────────
    ../../test-results/widget-file-upload-Widget--ba5a5--file-using-minified-widget-chromium/video.webm
    ────────────────────────────────────────────────────────────────────────────────────────────────

    Error Context: ../../test-results/widget-file-upload-Widget--ba5a5--file-using-minified-widget-chromium/error-context.md
]]>
</failure>
<system-out>
<![CDATA[
[[ATTACHMENT|widget-file-upload-Widget--ba5a5--file-using-minified-widget-chromium/test-failed-1.png]]

[[ATTACHMENT|widget-file-upload-Widget--ba5a5--file-using-minified-widget-chromium/video.webm]]

[[ATTACHMENT|widget-file-upload-Widget--ba5a5--file-using-minified-widget-chromium/error-context.md]]
]]>
</system-out>
</testcase>
</testsuite>
</testsuites>