<testsuites id="" name="" tests="5" failures="2" skipped="0" errors="0" time="33.843669999999996">
<testsuite name="enhanced-reports-verification.spec.ts" timestamp="2025-09-21T06:57:11.045Z" hostname="chromium" tests="1" failures="0" skipped="0" time="21.434" errors="0">
<testcase name="Enhanced Reports Dashboard - Full Feature Verification" classname="enhanced-reports-verification.spec.ts" time="21.434">
<system-out>
<![CDATA[🔍 Starting Enhanced Reports Dashboard verification...
🔐 Authenticating...
✅ Authentication successful
📊 Navigating to enhanced reports page...
🧪 Testing Enhanced Features...
Testing: Enhanced table structure...
✓ Table present: true
Testing: Filter functionality...
✓ Filters section present: true
✓ Search input functional
✓ Filter dropdowns found: 2
✓ Dropdown filtering functional
Testing: Status column removal...
✓ Status column removed: true
Testing: Export functionality...
✓ Export button present: true
✓ Export modal opens: false
Testing: Console logs viewer...
✓ Console logs section: Not visible (likely no data)
Testing: Enhanced styling and hover effects...
✓ Table rows found: 20
✓ Row hover effect tested
✓ Link hover tested for tooltips
Testing: Responsive design...
✓ Responsive design tested
Testing: API responses...
Testing: Performance metrics...
✓ Load time: 0ms
✓ DOM loaded: 0ms

📋 ENHANCED REPORTS VERIFICATION SUMMARY:
==================================================
✓ Table Structure: true
✓ Filters Section: true
✓ Status Column Removed: true
✓ Export Functionality: true
✓ Console Logs Viewer: Hidden (no data)
✓ Table Rows: 20
✓ Responsive Design: Tested
✓ Performance: Load 0ms
==================================================
]]>
</system-out>
</testcase>
</testsuite>
<testsuite name="enhanced-reports-verification.spec.ts" timestamp="2025-09-21T06:57:11.045Z" hostname="firefox" tests="1" failures="0" skipped="0" time="20.746" errors="0">
<testcase name="Enhanced Reports Dashboard - Full Feature Verification" classname="enhanced-reports-verification.spec.ts" time="20.746">
<system-out>
<![CDATA[🔍 Starting Enhanced Reports Dashboard verification...
🔐 Authenticating...
✅ Authentication successful
📊 Navigating to enhanced reports page...
🧪 Testing Enhanced Features...
Testing: Enhanced table structure...
✓ Table present: true
Testing: Filter functionality...
✓ Filters section present: true
✓ Search input functional
✓ Filter dropdowns found: 2
✓ Dropdown filtering functional
Testing: Status column removal...
✓ Status column removed: true
Testing: Export functionality...
✓ Export button present: true
✓ Export modal opens: false
Testing: Console logs viewer...
✓ Console logs section: Not visible (likely no data)
Testing: Enhanced styling and hover effects...
✓ Table rows found: 20
✓ Row hover effect tested
✓ Link hover tested for tooltips
Testing: Responsive design...
✓ Responsive design tested
Testing: API responses...
Testing: Performance metrics...
✓ Load time: 0ms
✓ DOM loaded: 1ms

📋 ENHANCED REPORTS VERIFICATION SUMMARY:
==================================================
✓ Table Structure: true
✓ Filters Section: true
✓ Status Column Removed: true
✓ Export Functionality: true
✓ Console Logs Viewer: Hidden (no data)
✓ Table Rows: 20
✓ Responsive Design: Tested
✓ Performance: Load 0ms
==================================================
]]>
</system-out>
</testcase>
</testsuite>
<testsuite name="enhanced-reports-verification.spec.ts" timestamp="2025-09-21T06:57:11.045Z" hostname="webkit" tests="1" failures="1" skipped="0" time="28.563" errors="0">
<testcase name="Enhanced Reports Dashboard - Full Feature Verification" classname="enhanced-reports-verification.spec.ts" time="28.563">
<failure message="enhanced-reports-verification.spec.ts:10:5 Enhanced Reports Dashboard - Full Feature Verification" type="FAILURE">
<![CDATA[  [webkit] › enhanced-reports-verification.spec.ts:10:5 › Enhanced Reports Dashboard - Full Feature Verification 

    Error: expect(received).toBe(expected) // Object.is equality

    Expected: true
    Received: false

      215 |
      216 |   // Verify core functionality is working
    > 217 |   expect(hasTable).toBe(true);
          |                    ^
      218 |   expect(statusRemoved).toBe(true); // Status column should be removed
      219 |   expect(page.url()).toContain('/reports');
      220 | });
        at /Volumes/My Drive/dev/FeeDLooP_v1/tests/e2e/enhanced-reports-verification.spec.ts:217:20

    attachment #1: screenshot (image/png) ──────────────────────────────────────────────────────────
    ../../test-results/enhanced-reports-verificat-90a76---Full-Feature-Verification-webkit/test-failed-1.png
    ────────────────────────────────────────────────────────────────────────────────────────────────

    attachment #2: video (video/webm) ──────────────────────────────────────────────────────────────
    ../../test-results/enhanced-reports-verificat-90a76---Full-Feature-Verification-webkit/video.webm
    ────────────────────────────────────────────────────────────────────────────────────────────────

    Error Context: ../../test-results/enhanced-reports-verificat-90a76---Full-Feature-Verification-webkit/error-context.md
]]>
</failure>
<system-out>
<![CDATA[🔍 Starting Enhanced Reports Dashboard verification...
🔐 Authenticating...
⚠️ Authentication redirect may have failed, continuing...
📊 Navigating to enhanced reports page...
🧪 Testing Enhanced Features...
Testing: Enhanced table structure...
✓ Table present: false
Testing: Filter functionality...
✓ Filters section present: false
Testing: Status column removal...
✓ Status column removed: true
Testing: Export functionality...
✓ Export button present: false
Testing: Console logs viewer...
✓ Console logs section: Not visible (likely no data)
Testing: Enhanced styling and hover effects...
✓ Table rows found: 0
Testing: Responsive design...
✓ Responsive design tested
Testing: API responses...
Testing: Performance metrics...
✓ Load time: 0ms
✓ DOM loaded: 0ms

📋 ENHANCED REPORTS VERIFICATION SUMMARY:
==================================================
✓ Table Structure: false
✓ Filters Section: false
✓ Status Column Removed: true
✓ Export Functionality: false
✓ Console Logs Viewer: Hidden (no data)
✓ Table Rows: 0
✓ Responsive Design: Tested
✓ Performance: Load 0ms
==================================================

[[ATTACHMENT|enhanced-reports-verificat-90a76---Full-Feature-Verification-webkit/test-failed-1.png]]

[[ATTACHMENT|enhanced-reports-verificat-90a76---Full-Feature-Verification-webkit/video.webm]]

[[ATTACHMENT|enhanced-reports-verificat-90a76---Full-Feature-Verification-webkit/error-context.md]]
]]>
</system-out>
</testcase>
</testsuite>
<testsuite name="enhanced-reports-verification.spec.ts" timestamp="2025-09-21T06:57:11.045Z" hostname="Mobile Chrome" tests="1" failures="0" skipped="0" time="22.67" errors="0">
<testcase name="Enhanced Reports Dashboard - Full Feature Verification" classname="enhanced-reports-verification.spec.ts" time="22.67">
<system-out>
<![CDATA[🔍 Starting Enhanced Reports Dashboard verification...
🔐 Authenticating...
✅ Authentication successful
📊 Navigating to enhanced reports page...
🧪 Testing Enhanced Features...
Testing: Enhanced table structure...
✓ Table present: true
Testing: Filter functionality...
✓ Filters section present: true
✓ Search input functional
✓ Filter dropdowns found: 2
✓ Dropdown filtering functional
Testing: Status column removal...
✓ Status column removed: true
Testing: Export functionality...
✓ Export button present: true
✓ Export modal opens: false
Testing: Console logs viewer...
✓ Console logs section: Not visible (likely no data)
Testing: Enhanced styling and hover effects...
✓ Table rows found: 20
✓ Row hover effect tested
✓ Link hover tested for tooltips
Testing: Responsive design...
✓ Responsive design tested
Testing: API responses...
Testing: Performance metrics...
✓ Load time: 0ms
✓ DOM loaded: 0.10000002384185791ms

📋 ENHANCED REPORTS VERIFICATION SUMMARY:
==================================================
✓ Table Structure: true
✓ Filters Section: true
✓ Status Column Removed: true
✓ Export Functionality: true
✓ Console Logs Viewer: Hidden (no data)
✓ Table Rows: 20
✓ Responsive Design: Tested
✓ Performance: Load 0ms
==================================================
]]>
</system-out>
</testcase>
</testsuite>
<testsuite name="enhanced-reports-verification.spec.ts" timestamp="2025-09-21T06:57:11.045Z" hostname="Mobile Safari" tests="1" failures="1" skipped="0" time="28.723" errors="0">
<testcase name="Enhanced Reports Dashboard - Full Feature Verification" classname="enhanced-reports-verification.spec.ts" time="28.723">
<failure message="enhanced-reports-verification.spec.ts:10:5 Enhanced Reports Dashboard - Full Feature Verification" type="FAILURE">
<![CDATA[  [Mobile Safari] › enhanced-reports-verification.spec.ts:10:5 › Enhanced Reports Dashboard - Full Feature Verification 

    Error: expect(received).toBe(expected) // Object.is equality

    Expected: true
    Received: false

      215 |
      216 |   // Verify core functionality is working
    > 217 |   expect(hasTable).toBe(true);
          |                    ^
      218 |   expect(statusRemoved).toBe(true); // Status column should be removed
      219 |   expect(page.url()).toContain('/reports');
      220 | });
        at /Volumes/My Drive/dev/FeeDLooP_v1/tests/e2e/enhanced-reports-verification.spec.ts:217:20

    attachment #1: screenshot (image/png) ──────────────────────────────────────────────────────────
    ../../test-results/enhanced-reports-verificat-90a76---Full-Feature-Verification-Mobile-Safari/test-failed-1.png
    ────────────────────────────────────────────────────────────────────────────────────────────────

    attachment #2: video (video/webm) ──────────────────────────────────────────────────────────────
    ../../test-results/enhanced-reports-verificat-90a76---Full-Feature-Verification-Mobile-Safari/video.webm
    ────────────────────────────────────────────────────────────────────────────────────────────────

    Error Context: ../../test-results/enhanced-reports-verificat-90a76---Full-Feature-Verification-Mobile-Safari/error-context.md
]]>
</failure>
<system-out>
<![CDATA[🔍 Starting Enhanced Reports Dashboard verification...
🔐 Authenticating...
⚠️ Authentication redirect may have failed, continuing...
📊 Navigating to enhanced reports page...
🧪 Testing Enhanced Features...
Testing: Enhanced table structure...
✓ Table present: false
Testing: Filter functionality...
✓ Filters section present: false
Testing: Status column removal...
✓ Status column removed: true
Testing: Export functionality...
✓ Export button present: false
Testing: Console logs viewer...
✓ Console logs section: Not visible (likely no data)
Testing: Enhanced styling and hover effects...
✓ Table rows found: 0
Testing: Responsive design...
✓ Responsive design tested
Testing: API responses...
Testing: Performance metrics...
✓ Load time: 0ms
✓ DOM loaded: 0ms

📋 ENHANCED REPORTS VERIFICATION SUMMARY:
==================================================
✓ Table Structure: false
✓ Filters Section: false
✓ Status Column Removed: true
✓ Export Functionality: false
✓ Console Logs Viewer: Hidden (no data)
✓ Table Rows: 0
✓ Responsive Design: Tested
✓ Performance: Load 0ms
==================================================

[[ATTACHMENT|enhanced-reports-verificat-90a76---Full-Feature-Verification-Mobile-Safari/test-failed-1.png]]

[[ATTACHMENT|enhanced-reports-verificat-90a76---Full-Feature-Verification-Mobile-Safari/video.webm]]

[[ATTACHMENT|enhanced-reports-verificat-90a76---Full-Feature-Verification-Mobile-Safari/error-context.md]]
]]>
</system-out>
</testcase>
</testsuite>
</testsuites>