<testsuites id="" name="" tests="15" failures="0" skipped="0" errors="0" time="15.813196">
<testsuite name="auth-validation-simple.spec.ts" timestamp="2025-09-19T16:03:13.673Z" hostname="chromium" tests="3" failures="0" skipped="0" time="7.008" errors="0">
<testcase name="Auth Form Validation - Simple Tests › Registration form validation works correctly" classname="auth-validation-simple.spec.ts" time="2.39">
</testcase>
<testcase name="Auth Form Validation - Simple Tests › Login form validation works correctly" classname="auth-validation-simple.spec.ts" time="2.027">
</testcase>
<testcase name="Auth Form Validation - Simple Tests › Form navigation works correctly" classname="auth-validation-simple.spec.ts" time="2.591">
</testcase>
</testsuite>
<testsuite name="auth-validation-simple.spec.ts" timestamp="2025-09-19T16:03:13.673Z" hostname="firefox" tests="3" failures="0" skipped="0" time="13.446" errors="0">
<testcase name="Auth Form Validation - Simple Tests › Registration form validation works correctly" classname="auth-validation-simple.spec.ts" time="3.704">
</testcase>
<testcase name="Auth Form Validation - Simple Tests › Login form validation works correctly" classname="auth-validation-simple.spec.ts" time="3.178">
</testcase>
<testcase name="Auth Form Validation - Simple Tests › Form navigation works correctly" classname="auth-validation-simple.spec.ts" time="6.564">
</testcase>
</testsuite>
<testsuite name="auth-validation-simple.spec.ts" timestamp="2025-09-19T16:03:13.673Z" hostname="webkit" tests="3" failures="0" skipped="0" time="9.912" errors="0">
<testcase name="Auth Form Validation - Simple Tests › Registration form validation works correctly" classname="auth-validation-simple.spec.ts" time="2.639">
</testcase>
<testcase name="Auth Form Validation - Simple Tests › Login form validation works correctly" classname="auth-validation-simple.spec.ts" time="2.537">
</testcase>
<testcase name="Auth Form Validation - Simple Tests › Form navigation works correctly" classname="auth-validation-simple.spec.ts" time="4.736">
</testcase>
</testsuite>
<testsuite name="auth-validation-simple.spec.ts" timestamp="2025-09-19T16:03:13.673Z" hostname="Mobile Chrome" tests="3" failures="0" skipped="0" time="13.015" errors="0">
<testcase name="Auth Form Validation - Simple Tests › Registration form validation works correctly" classname="auth-validation-simple.spec.ts" time="4.922">
</testcase>
<testcase name="Auth Form Validation - Simple Tests › Login form validation works correctly" classname="auth-validation-simple.spec.ts" time="3.862">
</testcase>
<testcase name="Auth Form Validation - Simple Tests › Form navigation works correctly" classname="auth-validation-simple.spec.ts" time="4.231">
</testcase>
</testsuite>
<testsuite name="auth-validation-simple.spec.ts" timestamp="2025-09-19T16:03:13.673Z" hostname="Mobile Safari" tests="3" failures="0" skipped="0" time="4.649" errors="0">
<testcase name="Auth Form Validation - Simple Tests › Registration form validation works correctly" classname="auth-validation-simple.spec.ts" time="1.43">
</testcase>
<testcase name="Auth Form Validation - Simple Tests › Login form validation works correctly" classname="auth-validation-simple.spec.ts" time="1.505">
</testcase>
<testcase name="Auth Form Validation - Simple Tests › Form navigation works correctly" classname="auth-validation-simple.spec.ts" time="1.714">
</testcase>
</testsuite>
</testsuites>