<testsuites id="" name="" tests="1" failures="1" skipped="0" errors="0" time="10.709159000000001">
<testsuite name="enhanced-invitation-system.spec.ts" timestamp="2025-09-19T08:47:49.612Z" hostname="chromium" tests="1" failures="1" skipped="0" time="4.576" errors="0">
<testcase name="Enhanced Invitation System E2E › 1. Owner Registration and Project Creation" classname="enhanced-invitation-system.spec.ts" time="4.576">
<failure message="enhanced-invitation-system.spec.ts:95:7 1. Owner Registration and Project Creation" type="FAILURE">
<![CDATA[  [chromium] › enhanced-invitation-system.spec.ts:95:7 › Enhanced Invitation System E2E › 1. Owner Registration and Project Creation 

    Error: expect.toContainText: Error: strict mode violation: locator('h1') resolved to 2 elements:
        1) <h1 class="text-xl font-bold text-gray-900">FeeDLooP</h1> aka getByRole('heading', { name: 'FeeDLooP' })
        2) <h1 class="text-2xl font-bold text-gray-900">Create New Project</h1> aka getByRole('heading', { name: 'Create New Project' })

    Call log:
      - Expect "toContainText" with timeout 5000ms
      - waiting for locator('h1')


      132 |
      133 |     // Verify project page loads
    > 134 |     await expect(ownerPage.locator('h1')).toContainText(PROJECT_NAME)
          |                                           ^
      135 |   })
      136 |
      137 |   test('2. Register Existing User (for invitation testing)', async () => {
        at /Volumes/My Drive/dev/FeeDLooP_v1/tests/e2e/enhanced-invitation-system.spec.ts:134:43

    attachment #1: screenshot (image/png) ──────────────────────────────────────────────────────────
    ../../test-results/enhanced-invitation-system-f4204-ration-and-Project-Creation-chromium/test-failed-2.png
    ────────────────────────────────────────────────────────────────────────────────────────────────

    attachment #2: screenshot (image/png) ──────────────────────────────────────────────────────────
    ../../test-results/enhanced-invitation-system-f4204-ration-and-Project-Creation-chromium/test-failed-3.png
    ────────────────────────────────────────────────────────────────────────────────────────────────

    attachment #3: screenshot (image/png) ──────────────────────────────────────────────────────────
    ../../test-results/enhanced-invitation-system-f4204-ration-and-Project-Creation-chromium/test-failed-1.png
    ────────────────────────────────────────────────────────────────────────────────────────────────

    Error Context: ../../test-results/enhanced-invitation-system-f4204-ration-and-Project-Creation-chromium/error-context.md
]]>
</failure>
<system-out>
<![CDATA[
=== TEST 1: Owner Registration and Project Creation ===
CONSOLE: [Owner] info: %cDownload the React DevTools for a better development experience: https://react.dev/link/react-devtools font-weight:bold
CONSOLE: [Owner] log: [Fast Refresh] rebuilding
CONSOLE: [Owner] log: [Fast Refresh] done in 252ms
CONSOLE: [Owner] log: [Fast Refresh] rebuilding
CONSOLE: [Owner] log: [Fast Refresh] done in 110ms
CONSOLE: [Owner] log: [Fast Refresh] rebuilding
CONSOLE: [Owner] log: [Fast Refresh] done in 141ms
CONSOLE: [Owner] log: [Fast Refresh] rebuilding
CONSOLE: [Owner] log: [Fast Refresh] done in 79ms
CONSOLE: [Owner] log: [Fast Refresh] rebuilding
CONSOLE: [Owner] log: [Fast Refresh] done in 171ms
✅ Project created with ID: new

=== E2E TEST SUMMARY ===
Console Messages: 11
Network Errors: 2

Console Messages:
   [Owner] info: %cDownload the React DevTools for a better development experience: https://react.dev/link/react-devtools font-weight:bold
   [Owner] log: [Fast Refresh] rebuilding
   [Owner] log: [Fast Refresh] done in 252ms
   [Owner] log: [Fast Refresh] rebuilding
   [Owner] log: [Fast Refresh] done in 110ms
   [Owner] log: [Fast Refresh] rebuilding
   [Owner] log: [Fast Refresh] done in 141ms
   [Owner] log: [Fast Refresh] rebuilding
   [Owner] log: [Fast Refresh] done in 79ms
   [Owner] log: [Fast Refresh] rebuilding
   [Owner] log: [Fast Refresh] done in 171ms

Network Errors:
   [Owner] NETWORK FAILED: GET http://localhost:3000/dashboard?_rsc=vmuo9 - net::ERR_ABORTED
   [Owner] NETWORK FAILED: GET http://localhost:3000/dashboard/projects/new?_rsc=sygcq - net::ERR_ABORTED

[[ATTACHMENT|enhanced-invitation-system-f4204-ration-and-Project-Creation-chromium/test-failed-2.png]]

[[ATTACHMENT|enhanced-invitation-system-f4204-ration-and-Project-Creation-chromium/test-failed-3.png]]

[[ATTACHMENT|enhanced-invitation-system-f4204-ration-and-Project-Creation-chromium/test-failed-1.png]]

[[ATTACHMENT|enhanced-invitation-system-f4204-ration-and-Project-Creation-chromium/error-context.md]]
]]>
</system-out>
<system-err>
<![CDATA[NETWORK ERROR: [Owner] NETWORK FAILED: GET http://localhost:3000/dashboard?_rsc=vmuo9 - net::ERR_ABORTED
NETWORK ERROR: [Owner] NETWORK FAILED: GET http://localhost:3000/dashboard/projects/new?_rsc=sygcq - net::ERR_ABORTED
]]>
</system-err>
</testcase>
</testsuite>
</testsuites>